2005.07.05 19:08 B C:\Documents and Settings\Administrator\Desktop\webtop\source\webtop\geometrical\CircularElement$DiameterFieldListener.class <-- picard /webtop/source/webtop/geometrical CircularElement$DiameterFieldListener.class
2005.07.05 19:08 B C:\Documents and Settings\Administrator\Desktop\webtop\source\webtop\geometrical\CircularElement$RadiusListener.class <-- picard /webtop/source/webtop/geometrical CircularElement$RadiusListener.class
2005.07.05 19:08 B C:\Documents and Settings\Administrator\Desktop\webtop\source\webtop\geometrical\CircularElement.class <-- picard /webtop/source/webtop/geometrical CircularElement.class
2005.07.05 19:08 B C:\Documents and Settings\Administrator\Desktop\webtop\source\webtop\geometrical\CircularElement.java <-- picard /webtop/source/webtop/geometrical CircularElement.java
2005.07.05 19:08 B C:\Documents and Settings\Administrator\Desktop\webtop\source\webtop\geometrical\codebase.dat <-- picard /webtop/source/webtop/geometrical codebase.dat
2005.07.05 19:08 B C:\Documents and Settings\Administrator\Desktop\webtop\source\webtop\geometrical\ConvergingLens.class <-- picard /webtop/source/webtop/geometrical ConvergingLens.class
2005.07.05 19:08 B C:\Documents and Settings\Administrator\Desktop\webtop\source\webtop\geometrical\ConvergingLens.java <-- picard /webtop/source/webtop/geometrical ConvergingLens.java
2005.07.05 19:08 B C:\Documents and Settings\Administrator\Desktop\webtop\source\webtop\geometrical\DivergingLens.class <-- picard /webtop/source/webtop/geometrical DivergingLens.class
2005.07.05 19:08 B C:\Documents and Settings\Administrator\Desktop\webtop\source\webtop\geometrical\DivergingLens.java <-- picard /webtop/source/webtop/geometrical DivergingLens.java
2005.07.05 19:08 B C:\Documents and Settings\Administrator\Desktop\webtop\source\webtop\geometrical\DonutStop$DonutDiameterFieldListener.class <-- picard /webtop/source/webtop/geometrical DonutStop$DonutDiameterFieldListener.class
2005.07.05 19:08 B C:\Documents and Settings\Administrator\Desktop\webtop\source\webtop\geometrical\DonutStop$DonutDiameterListener.class <-- picard /webtop/source/webtop/geometrical DonutStop$DonutDiameterListener.class
2005.07.05 19:08 B C:\Documents and Settings\Administrator\Desktop\webtop\source\webtop\geometrical\DonutStop.class <-- picard /webtop/source/webtop/geometrical DonutStop.class
2005.07.05 19:08 B C:\Documents and Settings\Administrator\Desktop\webtop\source\webtop\geometrical\DonutStop.java <-- picard /webtop/source/webtop/geometrical DonutStop.java
2005.07.05 19:08 B C:\Documents and Settings\Administrator\Desktop\webtop\source\webtop\geometrical\Geometrical$SourceScreenListener.class <-- picard /webtop/source/webtop/geometrical Geometrical$SourceScreenListener.class
2005.07.05 19:08 B C:\Documents and Settings\Administrator\Desktop\webtop\source\webtop\geometrical\Geometrical.class <-- picard /webtop/source/webtop/geometrical Geometrical.class
2005.07.05 19:08 B C:\Documents and Settings\Administrator\Desktop\webtop\source\webtop\geometrical\Geometrical.java <-- picard /webtop/source/webtop/geometrical Geometrical.java
2005.07.05 19:08 B C:\Documents and Settings\Administrator\Desktop\webtop\source\webtop\geometrical\geometrical.sln <-- picard /webtop/source/webtop/geometrical geometrical.sln
2005.07.05 19:08 B C:\Documents and Settings\Administrator\Desktop\webtop\source\webtop\geometrical\geometrical.suo <-- picard /webtop/source/webtop/geometrical geometrical.suo
2005.07.05 19:08 B C:\Documents and Settings\Administrator\Desktop\webtop\source\webtop\geometrical\geometrical.vjp <-- picard /webtop/source/webtop/geometrical geometrical.vjp
2005.07.05 19:08 B C:\Documents and Settings\Administrator\Desktop\webtop\source\webtop\geometrical\geometrical.wrl <-- picard /webtop/source/webtop/geometrical geometrical.wrl
2005.07.05 19:08 B C:\Documents and Settings\Administrator\Desktop\webtop\source\webtop\geometrical\geometrical_poofing.wrl <-- picard /webtop/source/webtop/geometrical geometrical_poofing.wrl
2005.07.05 19:08 B C:\Documents and Settings\Administrator\Desktop\webtop\source\webtop\geometrical\geomnotes.txt <-- picard /webtop/source/webtop/geometrical geomnotes.txt
2005.07.05 19:08 B C:\Documents and Settings\Administrator\Desktop\webtop\source\webtop\geometrical\GroundGlassScreen.class <-- picard /webtop/source/webtop/geometrical GroundGlassScreen.class
2005.07.05 19:08 B C:\Documents and Settings\Administrator\Desktop\webtop\source\webtop\geometrical\GroundGlassScreen.java <-- picard /webtop/source/webtop/geometrical GroundGlassScreen.java
2005.07.05 19:08 B C:\Documents and Settings\Administrator\Desktop\webtop\source\webtop\geometrical\Ideas.txt <-- picard /webtop/source/webtop/geometrical Ideas.txt
2005.07.05 19:08 B C:\Documents and Settings\Administrator\Desktop\webtop\source\webtop\geometrical\Image.class <-- picard /webtop/source/webtop/geometrical Image.class
2005.07.05 19:08 B C:\Documents and Settings\Administrator\Desktop\webtop\source\webtop\geometrical\Image.java <-- picard /webtop/source/webtop/geometrical Image.java
2005.07.05 19:08 B C:\Documents and Settings\Administrator\Desktop\webtop\source\webtop\geometrical\Image.java_poofingold <-- picard /webtop/source/webtop/geometrical Image.java_poofingold
2005.07.05 19:08 B C:\Documents and Settings\Administrator\Desktop\webtop\source\webtop\geometrical\Image_poofing.java <-- picard /webtop/source/webtop/geometrical Image_poofing.java
2005.07.05 19:08 B C:\Documents and Settings\Administrator\Desktop\webtop\source\webtop\geometrical\index.html <-- picard /webtop/source/webtop/geometrical index.html
2005.07.05 19:08 B C:\Documents and Settings\Administrator\Desktop\webtop\source\webtop\geometrical\MagicScreen.class <-- picard /webtop/source/webtop/geometrical MagicScreen.class
2005.07.05 19:08 B C:\Documents and Settings\Administrator\Desktop\webtop\source\webtop\geometrical\MagicScreen.java <-- picard /webtop/source/webtop/geometrical MagicScreen.java
2005.07.05 19:08 B C:\Documents and Settings\Administrator\Desktop\webtop\source\webtop\geometrical\ObservationScreen.class <-- picard /webtop/source/webtop/geometrical ObservationScreen.class
2005.07.05 19:08 B C:\Documents and Settings\Administrator\Desktop\webtop\source\webtop\geometrical\ObservationScreen.java <-- picard /webtop/source/webtop/geometrical ObservationScreen.java
2005.07.05 19:08 B C:\Documents and Settings\Administrator\Desktop\webtop\source\webtop\geometrical\OpticalBench$Enumeration.class <-- picard /webtop/source/webtop/geometrical OpticalBench$Enumeration.class
2005.07.05 19:08 B C:\Documents and Settings\Administrator\Desktop\webtop\source\webtop\geometrical\OpticalBench.class <-- picard /webtop/source/webtop/geometrical OpticalBench.class
2005.07.05 19:08 B C:\Documents and Settings\Administrator\Desktop\webtop\source\webtop\geometrical\OpticalBench.java <-- picard /webtop/source/webtop/geometrical OpticalBench.java
2005.07.05 19:08 B C:\Documents and Settings\Administrator\Desktop\webtop\source\webtop\geometrical\OpticalElement$1.class <-- picard /webtop/source/webtop/geometrical OpticalElement$1.class
2005.07.05 19:08 B C:\Documents and Settings\Administrator\Desktop\webtop\source\webtop\geometrical\OpticalElement$MouseClickListener.class <-- picard /webtop/source/webtop/geometrical OpticalElement$MouseClickListener.class
2005.07.05 19:08 B C:\Documents and Settings\Administrator\Desktop\webtop\source\webtop\geometrical\OpticalElement$MouseOverListener.class <-- picard /webtop/source/webtop/geometrical OpticalElement$MouseOverListener.class
2005.07.05 19:08 B C:\Documents and Settings\Administrator\Desktop\webtop\source\webtop\geometrical\OpticalElement$PositionFieldListener.class <-- picard /webtop/source/webtop/geometrical OpticalElement$PositionFieldListener.class
2005.07.05 19:08 B C:\Documents and Settings\Administrator\Desktop\webtop\source\webtop\geometrical\OpticalElement$PositionListener.class <-- picard /webtop/source/webtop/geometrical OpticalElement$PositionListener.class
2005.07.05 19:08 B C:\Documents and Settings\Administrator\Desktop\webtop\source\webtop\geometrical\OpticalElement.class <-- picard /webtop/source/webtop/geometrical OpticalElement.class
2005.07.05 19:08 B C:\Documents and Settings\Administrator\Desktop\webtop\source\webtop\geometrical\OpticalElement.java <-- picard /webtop/source/webtop/geometrical OpticalElement.java
2005.07.05 19:08 B C:\Documents and Settings\Administrator\Desktop\webtop\source\webtop\geometrical\RayList.class <-- picard /webtop/source/webtop/geometrical RayList.class
2005.07.05 19:08 B C:\Documents and Settings\Administrator\Desktop\webtop\source\webtop\geometrical\RayList.java <-- picard /webtop/source/webtop/geometrical RayList.java
2005.07.05 19:08 B C:\Documents and Settings\Administrator\Desktop\webtop\source\webtop\geometrical\Source$RotationAngleListener.class <-- picard /webtop/source/webtop/geometrical Source$RotationAngleListener.class
2005.07.05 19:08 B C:\Documents and Settings\Administrator\Desktop\webtop\source\webtop\geometrical\Source.class <-- picard /webtop/source/webtop/geometrical Source.class
2005.07.05 19:08 B C:\Documents and Settings\Administrator\Desktop\webtop\source\webtop\geometrical\Source.java <-- picard /webtop/source/webtop/geometrical Source.java
2005.07.05 19:09 B C:\Documents and Settings\Administrator\Desktop\webtop\source\webtop\geometrical\Stop.class <-- picard /webtop/source/webtop/geometrical Stop.class
2005.07.05 19:09 B C:\Documents and Settings\Administrator\Desktop\webtop\source\webtop\geometrical\Stop.java <-- picard /webtop/source/webtop/geometrical Stop.java
2005.07.05 19:09 B C:\Documents and Settings\Administrator\Desktop\webtop\source\webtop\geometrical\theTeapot.wrl <-- picard /webtop/source/webtop/geometrical theTeapot.wrl
2005.07.05 19:09 B C:\Documents and Settings\Administrator\Desktop\webtop\source\webtop\geometrical\ThinLens$FocusFieldListener.class <-- picard /webtop/source/webtop/geometrical ThinLens$FocusFieldListener.class
2005.07.05 19:09 B C:\Documents and Settings\Administrator\Desktop\webtop\source\webtop\geometrical\ThinLens.class <-- picard /webtop/source/webtop/geometrical ThinLens.class
2005.07.05 19:09 B C:\Documents and Settings\Administrator\Desktop\webtop\source\webtop\geometrical\ThinLens.java <-- picard /webtop/source/webtop/geometrical ThinLens.java
2005.07.05 19:09 B C:\Documents and Settings\Administrator\Desktop\webtop\source\webtop\geometrical\UnknownLens$FocusFieldListener.class <-- picard /webtop/source/webtop/geometrical UnknownLens$FocusFieldListener.class
2005.07.05 19:09 B C:\Documents and Settings\Administrator\Desktop\webtop\source\webtop\geometrical\UnknownLens.class <-- picard /webtop/source/webtop/geometrical UnknownLens.class
2005.07.05 19:09 B C:\Documents and Settings\Administrator\Desktop\webtop\source\webtop\geometrical\UnknownLens.java <-- picard /webtop/source/webtop/geometrical UnknownLens.java
2005.07.15 14:15 B C:\Documents and Settings\Administrator\Desktop\webtop\source\webtop\geometrical\CircularElement$DiameterFieldListener.class --> picard.ph.msstate.edu /webtop/source/webtop/geometrical CircularElement$DiameterFieldListener.class
2005.07.15 14:15 B C:\Documents and Settings\Administrator\Desktop\webtop\source\webtop\geometrical\CircularElement$RadiusListener.class --> picard.ph.msstate.edu /webtop/source/webtop/geometrical CircularElement$RadiusListener.class
2005.07.15 14:15 B C:\Documents and Settings\Administrator\Desktop\webtop\source\webtop\geometrical\CircularElement.class --> picard.ph.msstate.edu /webtop/source/webtop/geometrical CircularElement.class
2005.07.15 14:15 B C:\Documents and Settings\Administrator\Desktop\webtop\source\webtop\geometrical\CircularElement.java --> picard.ph.msstate.edu /webtop/source/webtop/geometrical CircularElement.java
2005.07.15 14:15 B C:\Documents and Settings\Administrator\Desktop\webtop\source\webtop\geometrical\codebase.dat --> picard.ph.msstate.edu /webtop/source/webtop/geometrical codebase.dat
2005.07.15 14:15 B C:\Documents and Settings\Administrator\Desktop\webtop\source\webtop\geometrical\ConvergingLens.class --> picard.ph.msstate.edu /webtop/source/webtop/geometrical ConvergingLens.class
2005.07.15 14:15 B C:\Documents and Settings\Administrator\Desktop\webtop\source\webtop\geometrical\ConvergingLens.java --> picard.ph.msstate.edu /webtop/source/webtop/geometrical ConvergingLens.java
2005.07.15 14:15 B C:\Documents and Settings\Administrator\Desktop\webtop\source\webtop\geometrical\DivergingLens.class --> picard.ph.msstate.edu /webtop/source/webtop/geometrical DivergingLens.class
2005.07.15 14:15 B C:\Documents and Settings\Administrator\Desktop\webtop\source\webtop\geometrical\DivergingLens.java --> picard.ph.msstate.edu /webtop/source/webtop/geometrical DivergingLens.java
2005.07.15 14:15 B C:\Documents and Settings\Administrator\Desktop\webtop\source\webtop\geometrical\DonutStop$DonutDiameterFieldListener.class --> picard.ph.msstate.edu /webtop/source/webtop/geometrical DonutStop$DonutDiameterFieldListener.class
2005.07.15 14:15 B C:\Documents and Settings\Administrator\Desktop\webtop\source\webtop\geometrical\DonutStop$DonutDiameterListener.class --> picard.ph.msstate.edu /webtop/source/webtop/geometrical DonutStop$DonutDiameterListener.class
2005.07.15 14:15 B C:\Documents and Settings\Administrator\Desktop\webtop\source\webtop\geometrical\DonutStop.class --> picard.ph.msstate.edu /webtop/source/webtop/geometrical DonutStop.class
2005.07.15 14:15 B C:\Documents and Settings\Administrator\Desktop\webtop\source\webtop\geometrical\DonutStop.java --> picard.ph.msstate.edu /webtop/source/webtop/geometrical DonutStop.java
2005.07.15 14:15 B C:\Documents and Settings\Administrator\Desktop\webtop\source\webtop\geometrical\Geometrical$SourceScreenListener.class --> picard.ph.msstate.edu /webtop/source/webtop/geometrical Geometrical$SourceScreenListener.class
2005.07.15 14:15 B C:\Documents and Settings\Administrator\Desktop\webtop\source\webtop\geometrical\Geometrical.class --> picard.ph.msstate.edu /webtop/source/webtop/geometrical Geometrical.class
2005.07.15 14:15 B C:\Documents and Settings\Administrator\Desktop\webtop\source\webtop\geometrical\Geometrical.java --> picard.ph.msstate.edu /webtop/source/webtop/geometrical Geometrical.java
2005.07.15 14:15 B C:\Documents and Settings\Administrator\Desktop\webtop\source\webtop\geometrical\geometrical.sln --> picard.ph.msstate.edu /webtop/source/webtop/geometrical geometrical.sln
2005.07.15 14:15 B C:\Documents and Settings\Administrator\Desktop\webtop\source\webtop\geometrical\geometrical.suo --> picard.ph.msstate.edu /webtop/source/webtop/geometrical geometrical.suo
2005.07.15 14:15 B C:\Documents and Settings\Administrator\Desktop\webtop\source\webtop\geometrical\geometrical.vjp --> picard.ph.msstate.edu /webtop/source/webtop/geometrical geometrical.vjp
2005.07.15 14:15 B C:\Documents and Settings\Administrator\Desktop\webtop\source\webtop\geometrical\geometrical.wrl --> picard.ph.msstate.edu /webtop/source/webtop/geometrical geometrical.wrl
2005.07.15 14:15 B C:\Documents and Settings\Administrator\Desktop\webtop\source\webtop\geometrical\geometrical_poofing.wrl --> picard.ph.msstate.edu /webtop/source/webtop/geometrical geometrical_poofing.wrl
2005.07.15 14:15 B C:\Documents and Settings\Administrator\Desktop\webtop\source\webtop\geometrical\geomnotes.txt --> picard.ph.msstate.edu /webtop/source/webtop/geometrical geomnotes.txt
2005.07.15 14:15 B C:\Documents and Settings\Administrator\Desktop\webtop\source\webtop\geometrical\GroundGlassScreen.class --> picard.ph.msstate.edu /webtop/source/webtop/geometrical GroundGlassScreen.class
2005.07.15 14:15 B C:\Documents and Settings\Administrator\Desktop\webtop\source\webtop\geometrical\GroundGlassScreen.java --> picard.ph.msstate.edu /webtop/source/webtop/geometrical GroundGlassScreen.java
2005.07.15 14:15 B C:\Documents and Settings\Administrator\Desktop\webtop\source\webtop\geometrical\Ideas.txt --> picard.ph.msstate.edu /webtop/source/webtop/geometrical Ideas.txt
2005.07.15 14:15 B C:\Documents and Settings\Administrator\Desktop\webtop\source\webtop\geometrical\Image.class --> picard.ph.msstate.edu /webtop/source/webtop/geometrical Image.class
2005.07.15 14:15 B C:\Documents and Settings\Administrator\Desktop\webtop\source\webtop\geometrical\Image.java --> picard.ph.msstate.edu /webtop/source/webtop/geometrical Image.java
2005.07.15 14:15 B C:\Documents and Settings\Administrator\Desktop\webtop\source\webtop\geometrical\Image.java_poofingold --> picard.ph.msstate.edu /webtop/source/webtop/geometrical Image.java_poofingold
2005.07.15 14:15 B C:\Documents and Settings\Administrator\Desktop\webtop\source\webtop\geometrical\Image_poofing.java --> picard.ph.msstate.edu /webtop/source/webtop/geometrical Image_poofing.java
2005.07.15 14:15 B C:\Documents and Settings\Administrator\Desktop\webtop\source\webtop\geometrical\index.html --> picard.ph.msstate.edu /webtop/source/webtop/geometrical index.html
2005.07.15 14:15 B C:\Documents and Settings\Administrator\Desktop\webtop\source\webtop\geometrical\MagicScreen.class --> picard.ph.msstate.edu /webtop/source/webtop/geometrical MagicScreen.class
2005.07.15 14:15 B C:\Documents and Settings\Administrator\Desktop\webtop\source\webtop\geometrical\MagicScreen.java --> picard.ph.msstate.edu /webtop/source/webtop/geometrical MagicScreen.java
2005.07.15 14:15 B C:\Documents and Settings\Administrator\Desktop\webtop\source\webtop\geometrical\ObservationScreen.class --> picard.ph.msstate.edu /webtop/source/webtop/geometrical ObservationScreen.class
2005.07.15 14:15 B C:\Documents and Settings\Administrator\Desktop\webtop\source\webtop\geometrical\ObservationScreen.java --> picard.ph.msstate.edu /webtop/source/webtop/geometrical ObservationScreen.java
2005.07.15 14:15 B C:\Documents and Settings\Administrator\Desktop\webtop\source\webtop\geometrical\OpticalBench$Enumeration.class --> picard.ph.msstate.edu /webtop/source/webtop/geometrical OpticalBench$Enumeration.class
2005.07.15 14:15 B C:\Documents and Settings\Administrator\Desktop\webtop\source\webtop\geometrical\OpticalBench.class --> picard.ph.msstate.edu /webtop/source/webtop/geometrical OpticalBench.class
2005.07.15 14:16 B C:\Documents and Settings\Administrator\Desktop\webtop\source\webtop\geometrical\OpticalBench.java --> picard.ph.msstate.edu /webtop/source/webtop/geometrical OpticalBench.java
2005.07.15 14:16 B C:\Documents and Settings\Administrator\Desktop\webtop\source\webtop\geometrical\OpticalElement$1.class --> picard.ph.msstate.edu /webtop/source/webtop/geometrical OpticalElement$1.class
2005.07.15 14:16 B C:\Documents and Settings\Administrator\Desktop\webtop\source\webtop\geometrical\OpticalElement$MouseClickListener.class --> picard.ph.msstate.edu /webtop/source/webtop/geometrical OpticalElement$MouseClickListener.class
2005.07.15 14:16 B C:\Documents and Settings\Administrator\Desktop\webtop\source\webtop\geometrical\OpticalElement$MouseOverListener.class --> picard.ph.msstate.edu /webtop/source/webtop/geometrical OpticalElement$MouseOverListener.class
2005.07.15 14:16 B C:\Documents and Settings\Administrator\Desktop\webtop\source\webtop\geometrical\OpticalElement$PositionFieldListener.class --> picard.ph.msstate.edu /webtop/source/webtop/geometrical OpticalElement$PositionFieldListener.class
2005.07.15 14:16 B C:\Documents and Settings\Administrator\Desktop\webtop\source\webtop\geometrical\OpticalElement$PositionListener.class --> picard.ph.msstate.edu /webtop/source/webtop/geometrical OpticalElement$PositionListener.class
2005.07.15 14:16 B C:\Documents and Settings\Administrator\Desktop\webtop\source\webtop\geometrical\OpticalElement.class --> picard.ph.msstate.edu /webtop/source/webtop/geometrical OpticalElement.class
2005.07.15 14:16 B C:\Documents and Settings\Administrator\Desktop\webtop\source\webtop\geometrical\OpticalElement.java --> picard.ph.msstate.edu /webtop/source/webtop/geometrical OpticalElement.java
2005.07.15 14:16 B C:\Documents and Settings\Administrator\Desktop\webtop\source\webtop\geometrical\RayList.class --> picard.ph.msstate.edu /webtop/source/webtop/geometrical RayList.class
2005.07.15 14:16 B C:\Documents and Settings\Administrator\Desktop\webtop\source\webtop\geometrical\RayList.java --> picard.ph.msstate.edu /webtop/source/webtop/geometrical RayList.java
2005.07.15 14:16 B C:\Documents and Settings\Administrator\Desktop\webtop\source\webtop\geometrical\Source$RotationAngleListener.class --> picard.ph.msstate.edu /webtop/source/webtop/geometrical Source$RotationAngleListener.class
2005.07.15 14:16 B C:\Documents and Settings\Administrator\Desktop\webtop\source\webtop\geometrical\Source.class --> picard.ph.msstate.edu /webtop/source/webtop/geometrical Source.class
2005.07.15 14:16 B C:\Documents and Settings\Administrator\Desktop\webtop\source\webtop\geometrical\Source.java --> picard.ph.msstate.edu /webtop/source/webtop/geometrical Source.java
2005.07.15 14:16 B C:\Documents and Settings\Administrator\Desktop\webtop\source\webtop\geometrical\Stop.class --> picard.ph.msstate.edu /webtop/source/webtop/geometrical Stop.class
2005.07.15 14:16 B C:\Documents and Settings\Administrator\Desktop\webtop\source\webtop\geometrical\Stop.java --> picard.ph.msstate.edu /webtop/source/webtop/geometrical Stop.java
2005.07.15 14:16 B C:\Documents and Settings\Administrator\Desktop\webtop\source\webtop\geometrical\theTeapot.wrl --> picard.ph.msstate.edu /webtop/source/webtop/geometrical theTeapot.wrl
2005.07.15 14:16 B C:\Documents and Settings\Administrator\Desktop\webtop\source\webtop\geometrical\ThinLens$FocusFieldListener.class --> picard.ph.msstate.edu /webtop/source/webtop/geometrical ThinLens$FocusFieldListener.class
2005.07.15 14:16 B C:\Documents and Settings\Administrator\Desktop\webtop\source\webtop\geometrical\ThinLens.class --> picard.ph.msstate.edu /webtop/source/webtop/geometrical ThinLens.class
2005.07.15 14:16 B C:\Documents and Settings\Administrator\Desktop\webtop\source\webtop\geometrical\ThinLens.java --> picard.ph.msstate.edu /webtop/source/webtop/geometrical ThinLens.java
2005.07.15 14:16 B C:\Documents and Settings\Administrator\Desktop\webtop\source\webtop\geometrical\Thumbs.db --> picard.ph.msstate.edu /webtop/source/webtop/geometrical Thumbs.db
2005.07.15 14:16 B C:\Documents and Settings\Administrator\Desktop\webtop\source\webtop\geometrical\UnknownLens$FocusFieldListener.class --> picard.ph.msstate.edu /webtop/source/webtop/geometrical UnknownLens$FocusFieldListener.class
2005.07.15 14:16 B C:\Documents and Settings\Administrator\Desktop\webtop\source\webtop\geometrical\UnknownLens.class --> picard.ph.msstate.edu /webtop/source/webtop/geometrical UnknownLens.class
2005.07.15 14:16 B C:\Documents and Settings\Administrator\Desktop\webtop\source\webtop\geometrical\UnknownLens.java --> picard.ph.msstate.edu /webtop/source/webtop/geometrical UnknownLens.java
2006.06.27 20:08 B C:\Documents and Settings\Administrator\Desktop\webtop\source\webtop\geometrical\WS_FTP.LOG <-- picard /webtop/source/webtop/geometrical WS_FTP.LOG
2006.07.10 14:54 B C:\Documents and Settings\Administrator\Desktop\webtop\x3d\source\x3dwebtop\geometrical\CircularElement$0.class --> picard.ph.msstate.edu /x3d/source/x3dwebtop/geometrical CircularElement$0.class
2006.07.10 14:54 B C:\Documents and Settings\Administrator\Desktop\webtop\x3d\source\x3dwebtop\geometrical\CircularElement$DiameterFieldListener.class --> picard.ph.msstate.edu /x3d/source/x3dwebtop/geometrical CircularElement$DiameterFieldListener.class
2006.07.10 14:54 B C:\Documents and Settings\Administrator\Desktop\webtop\x3d\source\x3dwebtop\geometrical\CircularElement.class --> picard.ph.msstate.edu /x3d/source/x3dwebtop/geometrical CircularElement.class
2006.07.10 14:54 B C:\Documents and Settings\Administrator\Desktop\webtop\x3d\source\x3dwebtop\geometrical\CircularElement.java --> picard.ph.msstate.edu /x3d/source/x3dwebtop/geometrical CircularElement.java
2006.07.10 14:54 B C:\Documents and Settings\Administrator\Desktop\webtop\x3d\source\x3dwebtop\geometrical\codebase.dat --> picard.ph.msstate.edu /x3d/source/x3dwebtop/geometrical codebase.dat
2006.07.10 14:54 B C:\Documents and Settings\Administrator\Desktop\webtop\x3d\source\x3dwebtop\geometrical\ConvergingLens.class --> picard.ph.msstate.edu /x3d/source/x3dwebtop/geometrical ConvergingLens.class
2006.07.10 14:54 B C:\Documents and Settings\Administrator\Desktop\webtop\x3d\source\x3dwebtop\geometrical\ConvergingLens.java --> picard.ph.msstate.edu /x3d/source/x3dwebtop/geometrical ConvergingLens.java
2006.07.10 14:54 B C:\Documents and Settings\Administrator\Desktop\webtop\x3d\source\x3dwebtop\geometrical\DivergingLens.class --> picard.ph.msstate.edu /x3d/source/x3dwebtop/geometrical DivergingLens.class
2006.07.10 14:54 B C:\Documents and Settings\Administrator\Desktop\webtop\x3d\source\x3dwebtop\geometrical\DivergingLens.java --> picard.ph.msstate.edu /x3d/source/x3dwebtop/geometrical DivergingLens.java
2006.07.10 14:54 B C:\Documents and Settings\Administrator\Desktop\webtop\x3d\source\x3dwebtop\geometrical\DonutStop$0.class --> picard.ph.msstate.edu /x3d/source/x3dwebtop/geometrical DonutStop$0.class
2006.07.10 14:54 B C:\Documents and Settings\Administrator\Desktop\webtop\x3d\source\x3dwebtop\geometrical\DonutStop$DonutDiameterFieldListener.class --> picard.ph.msstate.edu /x3d/source/x3dwebtop/geometrical DonutStop$DonutDiameterFieldListener.class
2006.07.10 14:54 B C:\Documents and Settings\Administrator\Desktop\webtop\x3d\source\x3dwebtop\geometrical\DonutStop$DonutDiameterListener.class --> picard.ph.msstate.edu /x3d/source/x3dwebtop/geometrical DonutStop$DonutDiameterListener.class
2006.07.10 14:54 B C:\Documents and Settings\Administrator\Desktop\webtop\x3d\source\x3dwebtop\geometrical\DonutStop.class --> picard.ph.msstate.edu /x3d/source/x3dwebtop/geometrical DonutStop.class
2006.07.10 14:54 B C:\Documents and Settings\Administrator\Desktop\webtop\x3d\source\x3dwebtop\geometrical\DonutStop.java --> picard.ph.msstate.edu /x3d/source/x3dwebtop/geometrical DonutStop.java
2006.07.10 14:54 B C:\Documents and Settings\Administrator\Desktop\webtop\x3d\source\x3dwebtop\geometrical\Geometrical$0.class --> picard.ph.msstate.edu /x3d/source/x3dwebtop/geometrical Geometrical$0.class
2006.07.10 14:54 B C:\Documents and Settings\Administrator\Desktop\webtop\x3d\source\x3dwebtop\geometrical\Geometrical$SourceScreenListener.class --> picard.ph.msstate.edu /x3d/source/x3dwebtop/geometrical Geometrical$SourceScreenListener.class
2006.07.10 14:54 B C:\Documents and Settings\Administrator\Desktop\webtop\x3d\source\x3dwebtop\geometrical\Geometrical.class --> picard.ph.msstate.edu /x3d/source/x3dwebtop/geometrical Geometrical.class
2006.07.10 14:55 B C:\Documents and Settings\Administrator\Desktop\webtop\x3d\source\x3dwebtop\geometrical\Geometrical.java --> picard.ph.msstate.edu /x3d/source/x3dwebtop/geometrical Geometrical.java
2006.07.10 14:55 B C:\Documents and Settings\Administrator\Desktop\webtop\x3d\source\x3dwebtop\geometrical\geometrical.sln --> picard.ph.msstate.edu /x3d/source/x3dwebtop/geometrical geometrical.sln
2006.07.10 14:55 B C:\Documents and Settings\Administrator\Desktop\webtop\x3d\source\x3dwebtop\geometrical\geometrical.suo --> picard.ph.msstate.edu /x3d/source/x3dwebtop/geometrical geometrical.suo
2006.07.10 14:55 B C:\Documents and Settings\Administrator\Desktop\webtop\x3d\source\x3dwebtop\geometrical\geometrical.vjp --> picard.ph.msstate.edu /x3d/source/x3dwebtop/geometrical geometrical.vjp
2006.07.10 14:55 B C:\Documents and Settings\Administrator\Desktop\webtop\x3d\source\x3dwebtop\geometrical\geometrical.wrl --> picard.ph.msstate.edu /x3d/source/x3dwebtop/geometrical geometrical.wrl
2006.07.10 14:55 B C:\Documents and Settings\Administrator\Desktop\webtop\x3d\source\x3dwebtop\geometrical\geometrical.x3dv --> picard.ph.msstate.edu /x3d/source/x3dwebtop/geometrical geometrical.x3dv
2006.07.10 14:55 B C:\Documents and Settings\Administrator\Desktop\webtop\x3d\source\x3dwebtop\geometrical\geometrical_poofing.wrl --> picard.ph.msstate.edu /x3d/source/x3dwebtop/geometrical geometrical_poofing.wrl
2006.07.10 14:55 B C:\Documents and Settings\Administrator\Desktop\webtop\x3d\source\x3dwebtop\geometrical\geomnotes.txt --> picard.ph.msstate.edu /x3d/source/x3dwebtop/geometrical geomnotes.txt
2006.07.10 14:55 B C:\Documents and Settings\Administrator\Desktop\webtop\x3d\source\x3dwebtop\geometrical\GroundGlassScreen.class --> picard.ph.msstate.edu /x3d/source/x3dwebtop/geometrical GroundGlassScreen.class
2006.07.10 14:55 B C:\Documents and Settings\Administrator\Desktop\webtop\x3d\source\x3dwebtop\geometrical\GroundGlassScreen.java --> picard.ph.msstate.edu /x3d/source/x3dwebtop/geometrical GroundGlassScreen.java
2006.07.10 14:55 B C:\Documents and Settings\Administrator\Desktop\webtop\x3d\source\x3dwebtop\geometrical\Ideas.txt --> picard.ph.msstate.edu /x3d/source/x3dwebtop/geometrical Ideas.txt
2006.07.10 14:55 B C:\Documents and Settings\Administrator\Desktop\webtop\x3d\source\x3dwebtop\geometrical\Image.class --> picard.ph.msstate.edu /x3d/source/x3dwebtop/geometrical Image.class
2006.07.10 14:55 B C:\Documents and Settings\Administrator\Desktop\webtop\x3d\source\x3dwebtop\geometrical\Image.java --> picard.ph.msstate.edu /x3d/source/x3dwebtop/geometrical Image.java
2006.07.10 14:55 B C:\Documents and Settings\Administrator\Desktop\webtop\x3d\source\x3dwebtop\geometrical\Image.java_poofingold --> picard.ph.msstate.edu /x3d/source/x3dwebtop/geometrical Image.java_poofingold
2006.07.10 14:55 B C:\Documents and Settings\Administrator\Desktop\webtop\x3d\source\x3dwebtop\geometrical\index.html --> picard.ph.msstate.edu /x3d/source/x3dwebtop/geometrical index.html
2006.07.10 14:55 B C:\Documents and Settings\Administrator\Desktop\webtop\x3d\source\x3dwebtop\geometrical\MagicScreen.class --> picard.ph.msstate.edu /x3d/source/x3dwebtop/geometrical MagicScreen.class
2006.07.10 14:55 B C:\Documents and Settings\Administrator\Desktop\webtop\x3d\source\x3dwebtop\geometrical\MagicScreen.java --> picard.ph.msstate.edu /x3d/source/x3dwebtop/geometrical MagicScreen.java
2006.07.10 14:55 B C:\Documents and Settings\Administrator\Desktop\webtop\x3d\source\x3dwebtop\geometrical\ObservationScreen.class --> picard.ph.msstate.edu /x3d/source/x3dwebtop/geometrical ObservationScreen.class
2006.07.10 14:55 B C:\Documents and Settings\Administrator\Desktop\webtop\x3d\source\x3dwebtop\geometrical\ObservationScreen.java --> picard.ph.msstate.edu /x3d/source/x3dwebtop/geometrical ObservationScreen.java
2006.07.10 14:55 B C:\Documents and Settings\Administrator\Desktop\webtop\x3d\source\x3dwebtop\geometrical\OpticalBench$Enumeration.class --> picard.ph.msstate.edu /x3d/source/x3dwebtop/geometrical OpticalBench$Enumeration.class
2006.07.10 14:55 B C:\Documents and Settings\Administrator\Desktop\webtop\x3d\source\x3dwebtop\geometrical\OpticalBench.class --> picard.ph.msstate.edu /x3d/source/x3dwebtop/geometrical OpticalBench.class
2006.07.10 14:55 B C:\Documents and Settings\Administrator\Desktop\webtop\x3d\source\x3dwebtop\geometrical\OpticalBench.java --> picard.ph.msstate.edu /x3d/source/x3dwebtop/geometrical OpticalBench.java
2006.07.10 14:55 B C:\Documents and Settings\Administrator\Desktop\webtop\x3d\source\x3dwebtop\geometrical\OpticalElement$1.class --> picard.ph.msstate.edu /x3d/source/x3dwebtop/geometrical OpticalElement$1.class
2006.07.10 14:55 B C:\Documents and Settings\Administrator\Desktop\webtop\x3d\source\x3dwebtop\geometrical\OpticalElement$MouseClickListener.class --> picard.ph.msstate.edu /x3d/source/x3dwebtop/geometrical OpticalElement$MouseClickListener.class
2006.07.10 14:55 B C:\Documents and Settings\Administrator\Desktop\webtop\x3d\source\x3dwebtop\geometrical\OpticalElement$MouseOverListener.class --> picard.ph.msstate.edu /x3d/source/x3dwebtop/geometrical OpticalElement$MouseOverListener.class
2006.07.10 14:55 B C:\Documents and Settings\Administrator\Desktop\webtop\x3d\source\x3dwebtop\geometrical\OpticalElement$PositionFieldListener.class --> picard.ph.msstate.edu /x3d/source/x3dwebtop/geometrical OpticalElement$PositionFieldListener.class
2006.07.10 14:55 B C:\Documents and Settings\Administrator\Desktop\webtop\x3d\source\x3dwebtop\geometrical\OpticalElement$PositionListener.class --> picard.ph.msstate.edu /x3d/source/x3dwebtop/geometrical OpticalElement$PositionListener.class
2006.07.10 14:55 B C:\Documents and Settings\Administrator\Desktop\webtop\x3d\source\x3dwebtop\geometrical\OpticalElement.class --> picard.ph.msstate.edu /x3d/source/x3dwebtop/geometrical OpticalElement.class
2006.07.10 14:55 B C:\Documents and Settings\Administrator\Desktop\webtop\x3d\source\x3dwebtop\geometrical\OpticalElement.java --> picard.ph.msstate.edu /x3d/source/x3dwebtop/geometrical OpticalElement.java
2006.07.10 14:55 B C:\Documents and Settings\Administrator\Desktop\webtop\x3d\source\x3dwebtop\geometrical\RayList.class --> picard.ph.msstate.edu /x3d/source/x3dwebtop/geometrical RayList.class
2006.07.10 14:55 B C:\Documents and Settings\Administrator\Desktop\webtop\x3d\source\x3dwebtop\geometrical\RayList.java --> picard.ph.msstate.edu /x3d/source/x3dwebtop/geometrical RayList.java
2006.07.10 14:55 B C:\Documents and Settings\Administrator\Desktop\webtop\x3d\source\x3dwebtop\geometrical\Reticle.class --> picard.ph.msstate.edu /x3d/source/x3dwebtop/geometrical Reticle.class
2006.07.10 14:55 B C:\Documents and Settings\Administrator\Desktop\webtop\x3d\source\x3dwebtop\geometrical\Reticle.java --> picard.ph.msstate.edu /x3d/source/x3dwebtop/geometrical Reticle.java
2006.07.10 14:55 B C:\Documents and Settings\Administrator\Desktop\webtop\x3d\source\x3dwebtop\geometrical\Source$0.class --> picard.ph.msstate.edu /x3d/source/x3dwebtop/geometrical Source$0.class
2006.07.10 14:55 B C:\Documents and Settings\Administrator\Desktop\webtop\x3d\source\x3dwebtop\geometrical\Source$RotationAngleListener.class --> picard.ph.msstate.edu /x3d/source/x3dwebtop/geometrical Source$RotationAngleListener.class
2006.07.10 14:55 B C:\Documents and Settings\Administrator\Desktop\webtop\x3d\source\x3dwebtop\geometrical\Source.class --> picard.ph.msstate.edu /x3d/source/x3dwebtop/geometrical Source.class
2006.07.10 14:55 B C:\Documents and Settings\Administrator\Desktop\webtop\x3d\source\x3dwebtop\geometrical\Source.java --> picard.ph.msstate.edu /x3d/source/x3dwebtop/geometrical Source.java
2006.07.10 14:55 B C:\Documents and Settings\Administrator\Desktop\webtop\x3d\source\x3dwebtop\geometrical\Stop.class --> picard.ph.msstate.edu /x3d/source/x3dwebtop/geometrical Stop.class
2006.07.10 14:55 B C:\Documents and Settings\Administrator\Desktop\webtop\x3d\source\x3dwebtop\geometrical\Stop.java --> picard.ph.msstate.edu /x3d/source/x3dwebtop/geometrical Stop.java
2006.07.10 14:55 B C:\Documents and Settings\Administrator\Desktop\webtop\x3d\source\x3dwebtop\geometrical\theTeapot.wrl --> picard.ph.msstate.edu /x3d/source/x3dwebtop/geometrical theTeapot.wrl
2006.07.10 14:55 B C:\Documents and Settings\Administrator\Desktop\webtop\x3d\source\x3dwebtop\geometrical\ThinLens$0.class --> picard.ph.msstate.edu /x3d/source/x3dwebtop/geometrical ThinLens$0.class
2006.07.10 14:55 B C:\Documents and Settings\Administrator\Desktop\webtop\x3d\source\x3dwebtop\geometrical\ThinLens$FocusFieldListener.class --> picard.ph.msstate.edu /x3d/source/x3dwebtop/geometrical ThinLens$FocusFieldListener.class
2006.07.10 14:55 B C:\Documents and Settings\Administrator\Desktop\webtop\x3d\source\x3dwebtop\geometrical\ThinLens.class --> picard.ph.msstate.edu /x3d/source/x3dwebtop/geometrical ThinLens.class
2006.07.10 14:55 B C:\Documents and Settings\Administrator\Desktop\webtop\x3d\source\x3dwebtop\geometrical\ThinLens.java --> picard.ph.msstate.edu /x3d/source/x3dwebtop/geometrical ThinLens.java
2006.07.10 14:55 B C:\Documents and Settings\Administrator\Desktop\webtop\x3d\source\x3dwebtop\geometrical\Thumbs.db --> picard.ph.msstate.edu /x3d/source/x3dwebtop/geometrical Thumbs.db
2006.07.10 14:55 B C:\Documents and Settings\Administrator\Desktop\webtop\x3d\source\x3dwebtop\geometrical\UnknownLens$0.class --> picard.ph.msstate.edu /x3d/source/x3dwebtop/geometrical UnknownLens$0.class
2006.07.10 14:55 B C:\Documents and Settings\Administrator\Desktop\webtop\x3d\source\x3dwebtop\geometrical\UnknownLens$FocusFieldListener.class --> picard.ph.msstate.edu /x3d/source/x3dwebtop/geometrical UnknownLens$FocusFieldListener.class
2006.07.10 14:55 B C:\Documents and Settings\Administrator\Desktop\webtop\x3d\source\x3dwebtop\geometrical\UnknownLens.class --> picard.ph.msstate.edu /x3d/source/x3dwebtop/geometrical UnknownLens.class
2006.07.10 14:55 B C:\Documents and Settings\Administrator\Desktop\webtop\x3d\source\x3dwebtop\geometrical\UnknownLens.java --> picard.ph.msstate.edu /x3d/source/x3dwebtop/geometrical UnknownLens.java
2006.07.10 14:55 B C:\Documents and Settings\Administrator\Desktop\webtop\x3d\source\x3dwebtop\geometrical\WS_FTP.LOG --> picard.ph.msstate.edu /x3d/source/x3dwebtop/geometrical WS_FTP.LOG
2006.07.11 03:11 B C:\Documents and Settings\Administrator\Desktop\webtop\x3d\source\x3dwebtop\geometrical\Geometrical.java <-- picard /x3d/source/x3dwebtop/geometrical Geometrical.java
2006.07.11 18:21 B C:\Documents and Settings\Administrator\Desktop\webtop\x3d\source\x3dwebtop\geometrical\CircularElement$0.class <-- picard /x3d/source/x3dwebtop/geometrical CircularElement$0.class
2006.07.11 18:21 B C:\Documents and Settings\Administrator\Desktop\webtop\x3d\source\x3dwebtop\geometrical\CircularElement$DiameterFieldListener.class <-- picard /x3d/source/x3dwebtop/geometrical CircularElement$DiameterFieldListener.class
2006.07.11 18:21 B C:\Documents and Settings\Administrator\Desktop\webtop\x3d\source\x3dwebtop\geometrical\CircularElement.class <-- picard /x3d/source/x3dwebtop/geometrical CircularElement.class
2006.07.11 18:21 B C:\Documents and Settings\Administrator\Desktop\webtop\x3d\source\x3dwebtop\geometrical\CircularElement.java <-- picard /x3d/source/x3dwebtop/geometrical CircularElement.java
2006.07.11 18:21 B C:\Documents and Settings\Administrator\Desktop\webtop\x3d\source\x3dwebtop\geometrical\codebase.dat <-- picard /x3d/source/x3dwebtop/geometrical codebase.dat
2006.07.11 18:21 B C:\Documents and Settings\Administrator\Desktop\webtop\x3d\source\x3dwebtop\geometrical\ConvergingLens.class <-- picard /x3d/source/x3dwebtop/geometrical ConvergingLens.class
2006.07.11 18:21 B C:\Documents and Settings\Administrator\Desktop\webtop\x3d\source\x3dwebtop\geometrical\ConvergingLens.java <-- picard /x3d/source/x3dwebtop/geometrical ConvergingLens.java
2006.07.11 18:21 B C:\Documents and Settings\Administrator\Desktop\webtop\x3d\source\x3dwebtop\geometrical\DivergingLens.class <-- picard /x3d/source/x3dwebtop/geometrical DivergingLens.class
2006.07.11 18:21 B C:\Documents and Settings\Administrator\Desktop\webtop\x3d\source\x3dwebtop\geometrical\DivergingLens.java <-- picard /x3d/source/x3dwebtop/geometrical DivergingLens.java
2006.07.11 18:21 B C:\Documents and Settings\Administrator\Desktop\webtop\x3d\source\x3dwebtop\geometrical\DonutStop$0.class <-- picard /x3d/source/x3dwebtop/geometrical DonutStop$0.class
2006.07.11 18:21 B C:\Documents and Settings\Administrator\Desktop\webtop\x3d\source\x3dwebtop\geometrical\DonutStop$DonutDiameterFieldListener.class <-- picard /x3d/source/x3dwebtop/geometrical DonutStop$DonutDiameterFieldListener.class
2006.07.11 18:21 B C:\Documents and Settings\Administrator\Desktop\webtop\x3d\source\x3dwebtop\geometrical\DonutStop$DonutDiameterListener.class <-- picard /x3d/source/x3dwebtop/geometrical DonutStop$DonutDiameterListener.class
2006.07.11 18:21 B C:\Documents and Settings\Administrator\Desktop\webtop\x3d\source\x3dwebtop\geometrical\DonutStop.class <-- picard /x3d/source/x3dwebtop/geometrical DonutStop.class
2006.07.11 18:21 B C:\Documents and Settings\Administrator\Desktop\webtop\x3d\source\x3dwebtop\geometrical\DonutStop.java <-- picard /x3d/source/x3dwebtop/geometrical DonutStop.java
2006.07.11 18:21 B C:\Documents and Settings\Administrator\Desktop\webtop\x3d\source\x3dwebtop\geometrical\geometrical.sln <-- picard /x3d/source/x3dwebtop/geometrical geometrical.sln
2006.07.11 18:21 B C:\Documents and Settings\Administrator\Desktop\webtop\x3d\source\x3dwebtop\geometrical\geometrical.suo <-- picard /x3d/source/x3dwebtop/geometrical geometrical.suo
2006.07.11 18:21 B C:\Documents and Settings\Administrator\Desktop\webtop\x3d\source\x3dwebtop\geometrical\geometrical.vjp <-- picard /x3d/source/x3dwebtop/geometrical geometrical.vjp
2006.07.11 18:21 B C:\Documents and Settings\Administrator\Desktop\webtop\x3d\source\x3dwebtop\geometrical\geometrical.wrl <-- picard /x3d/source/x3dwebtop/geometrical geometrical.wrl
2006.07.11 18:21 B C:\Documents and Settings\Administrator\Desktop\webtop\x3d\source\x3dwebtop\geometrical\geometrical.x3dv <-- picard /x3d/source/x3dwebtop/geometrical geometrical.x3dv
2006.07.11 18:21 B C:\Documents and Settings\Administrator\Desktop\webtop\x3d\source\x3dwebtop\geometrical\geometrical_poofing.wrl <-- picard /x3d/source/x3dwebtop/geometrical geometrical_poofing.wrl
2006.07.11 18:21 B C:\Documents and Settings\Administrator\Desktop\webtop\x3d\source\x3dwebtop\geometrical\geomnotes.txt <-- picard /x3d/source/x3dwebtop/geometrical geomnotes.txt
2006.07.11 18:22 B C:\Documents and Settings\Administrator\Desktop\webtop\x3d\source\x3dwebtop\geometrical\GroundGlassScreen.class <-- picard /x3d/source/x3dwebtop/geometrical GroundGlassScreen.class
2006.07.11 18:22 B C:\Documents and Settings\Administrator\Desktop\webtop\x3d\source\x3dwebtop\geometrical\GroundGlassScreen.java <-- picard /x3d/source/x3dwebtop/geometrical GroundGlassScreen.java
2006.07.11 18:22 B C:\Documents and Settings\Administrator\Desktop\webtop\x3d\source\x3dwebtop\geometrical\Ideas.txt <-- picard /x3d/source/x3dwebtop/geometrical Ideas.txt
2006.07.11 18:22 B C:\Documents and Settings\Administrator\Desktop\webtop\x3d\source\x3dwebtop\geometrical\Image.class <-- picard /x3d/source/x3dwebtop/geometrical Image.class
2006.07.11 18:22 B C:\Documents and Settings\Administrator\Desktop\webtop\x3d\source\x3dwebtop\geometrical\Image.java <-- picard /x3d/source/x3dwebtop/geometrical Image.java
2006.07.11 18:22 B C:\Documents and Settings\Administrator\Desktop\webtop\x3d\source\x3dwebtop\geometrical\Image.java_poofingold <-- picard /x3d/source/x3dwebtop/geometrical Image.java_poofingold
2006.07.11 18:22 B C:\Documents and Settings\Administrator\Desktop\webtop\x3d\source\x3dwebtop\geometrical\index.html <-- picard /x3d/source/x3dwebtop/geometrical index.html
2006.07.11 18:22 B C:\Documents and Settings\Administrator\Desktop\webtop\x3d\source\x3dwebtop\geometrical\MagicScreen.class <-- picard /x3d/source/x3dwebtop/geometrical MagicScreen.class
2006.07.11 18:22 B C:\Documents and Settings\Administrator\Desktop\webtop\x3d\source\x3dwebtop\geometrical\MagicScreen.java <-- picard /x3d/source/x3dwebtop/geometrical MagicScreen.java
2006.07.11 18:22 B C:\Documents and Settings\Administrator\Desktop\webtop\x3d\source\x3dwebtop\geometrical\ObservationScreen.class <-- picard /x3d/source/x3dwebtop/geometrical ObservationScreen.class
2006.07.11 18:22 B C:\Documents and Settings\Administrator\Desktop\webtop\x3d\source\x3dwebtop\geometrical\ObservationScreen.java <-- picard /x3d/source/x3dwebtop/geometrical ObservationScreen.java
2006.07.11 18:22 B C:\Documents and Settings\Administrator\Desktop\webtop\x3d\source\x3dwebtop\geometrical\OpticalBench$Enumeration.class <-- picard /x3d/source/x3dwebtop/geometrical OpticalBench$Enumeration.class
2006.07.11 18:22 B C:\Documents and Settings\Administrator\Desktop\webtop\x3d\source\x3dwebtop\geometrical\OpticalBench.class <-- picard /x3d/source/x3dwebtop/geometrical OpticalBench.class
2006.07.11 18:22 B C:\Documents and Settings\Administrator\Desktop\webtop\x3d\source\x3dwebtop\geometrical\OpticalBench.java <-- picard /x3d/source/x3dwebtop/geometrical OpticalBench.java
2006.07.11 18:22 B C:\Documents and Settings\Administrator\Desktop\webtop\x3d\source\x3dwebtop\geometrical\OpticalElement$1.class <-- picard /x3d/source/x3dwebtop/geometrical OpticalElement$1.class
2006.07.11 18:22 B C:\Documents and Settings\Administrator\Desktop\webtop\x3d\source\x3dwebtop\geometrical\OpticalElement$PositionFieldListener.class <-- picard /x3d/source/x3dwebtop/geometrical OpticalElement$PositionFieldListener.class
2006.07.11 18:22 B C:\Documents and Settings\Administrator\Desktop\webtop\x3d\source\x3dwebtop\geometrical\OpticalElement.class <-- picard /x3d/source/x3dwebtop/geometrical OpticalElement.class
2006.07.11 18:22 B C:\Documents and Settings\Administrator\Desktop\webtop\x3d\source\x3dwebtop\geometrical\OpticalElement.java <-- picard /x3d/source/x3dwebtop/geometrical OpticalElement.java
2006.07.11 18:22 B C:\Documents and Settings\Administrator\Desktop\webtop\x3d\source\x3dwebtop\geometrical\RayList.class <-- picard /x3d/source/x3dwebtop/geometrical RayList.class
2006.07.11 18:22 B C:\Documents and Settings\Administrator\Desktop\webtop\x3d\source\x3dwebtop\geometrical\RayList.java <-- picard /x3d/source/x3dwebtop/geometrical RayList.java
2006.07.11 18:22 B C:\Documents and Settings\Administrator\Desktop\webtop\x3d\source\x3dwebtop\geometrical\Reticle.class <-- picard /x3d/source/x3dwebtop/geometrical Reticle.class
2006.07.11 18:22 B C:\Documents and Settings\Administrator\Desktop\webtop\x3d\source\x3dwebtop\geometrical\Reticle.java <-- picard /x3d/source/x3dwebtop/geometrical Reticle.java
2006.07.11 18:22 B C:\Documents and Settings\Administrator\Desktop\webtop\x3d\source\x3dwebtop\geometrical\Source$0.class <-- picard /x3d/source/x3dwebtop/geometrical Source$0.class
2006.07.11 18:22 B C:\Documents and Settings\Administrator\Desktop\webtop\x3d\source\x3dwebtop\geometrical\Source$RotationAngleListener.class <-- picard /x3d/source/x3dwebtop/geometrical Source$RotationAngleListener.class
2006.07.11 18:22 B C:\Documents and Settings\Administrator\Desktop\webtop\x3d\source\x3dwebtop\geometrical\Source.class <-- picard /x3d/source/x3dwebtop/geometrical Source.class
2006.07.11 18:22 B C:\Documents and Settings\Administrator\Desktop\webtop\x3d\source\x3dwebtop\geometrical\Source.java <-- picard /x3d/source/x3dwebtop/geometrical Source.java
2006.07.11 18:22 B C:\Documents and Settings\Administrator\Desktop\webtop\x3d\source\x3dwebtop\geometrical\Stop.class <-- picard /x3d/source/x3dwebtop/geometrical Stop.class
2006.07.11 18:22 B C:\Documents and Settings\Administrator\Desktop\webtop\x3d\source\x3dwebtop\geometrical\Stop.java <-- picard /x3d/source/x3dwebtop/geometrical Stop.java
2006.07.11 18:22 B C:\Documents and Settings\Administrator\Desktop\webtop\x3d\source\x3dwebtop\geometrical\theTeapot.wrl <-- picard /x3d/source/x3dwebtop/geometrical theTeapot.wrl
2006.07.11 18:22 B C:\Documents and Settings\Administrator\Desktop\webtop\x3d\source\x3dwebtop\geometrical\ThinLens$0.class <-- picard /x3d/source/x3dwebtop/geometrical ThinLens$0.class
2006.07.11 18:22 B C:\Documents and Settings\Administrator\Desktop\webtop\x3d\source\x3dwebtop\geometrical\ThinLens$FocusFieldListener.class <-- picard /x3d/source/x3dwebtop/geometrical ThinLens$FocusFieldListener.class
2006.07.11 18:22 B C:\Documents and Settings\Administrator\Desktop\webtop\x3d\source\x3dwebtop\geometrical\ThinLens.class <-- picard /x3d/source/x3dwebtop/geometrical ThinLens.class
2006.07.11 18:22 B C:\Documents and Settings\Administrator\Desktop\webtop\x3d\source\x3dwebtop\geometrical\ThinLens.java <-- picard /x3d/source/x3dwebtop/geometrical ThinLens.java
2006.07.11 18:22 B C:\Documents and Settings\Administrator\Desktop\webtop\x3d\source\x3dwebtop\geometrical\UnknownLens$0.class <-- picard /x3d/source/x3dwebtop/geometrical UnknownLens$0.class
2006.07.11 18:22 B C:\Documents and Settings\Administrator\Desktop\webtop\x3d\source\x3dwebtop\geometrical\UnknownLens$FocusFieldListener.class <-- picard /x3d/source/x3dwebtop/geometrical UnknownLens$FocusFieldListener.class
2006.07.11 18:22 B C:\Documents and Settings\Administrator\Desktop\webtop\x3d\source\x3dwebtop\geometrical\UnknownLens.class <-- picard /x3d/source/x3dwebtop/geometrical UnknownLens.class
2006.07.11 18:22 B C:\Documents and Settings\Administrator\Desktop\webtop\x3d\source\x3dwebtop\geometrical\UnknownLens.java <-- picard /x3d/source/x3dwebtop/geometrical UnknownLens.java
2006.07.13 13:51 B C:\Documents and Settings\Administrator\Desktop\webtop\x3d\source\x3dwebtop\geometrical\CircularElement$0.class --> picard.ph.msstate.edu /x3d/source/x3dwebtop/geometrical CircularElement$0.class
2006.07.13 13:51 B C:\Documents and Settings\Administrator\Desktop\webtop\x3d\source\x3dwebtop\geometrical\CircularElement$DiameterFieldListener.class --> picard.ph.msstate.edu /x3d/source/x3dwebtop/geometrical CircularElement$DiameterFieldListener.class
2006.07.13 13:51 B C:\Documents and Settings\Administrator\Desktop\webtop\x3d\source\x3dwebtop\geometrical\CircularElement.class --> picard.ph.msstate.edu /x3d/source/x3dwebtop/geometrical CircularElement.class
2006.07.13 13:51 B C:\Documents and Settings\Administrator\Desktop\webtop\x3d\source\x3dwebtop\geometrical\CircularElement.java --> picard.ph.msstate.edu /x3d/source/x3dwebtop/geometrical CircularElement.java
2006.07.13 13:51 B C:\Documents and Settings\Administrator\Desktop\webtop\x3d\source\x3dwebtop\geometrical\ConvergingLens.class --> picard.ph.msstate.edu /x3d/source/x3dwebtop/geometrical ConvergingLens.class
2006.07.13 13:51 B C:\Documents and Settings\Administrator\Desktop\webtop\x3d\source\x3dwebtop\geometrical\DivergingLens.class --> picard.ph.msstate.edu /x3d/source/x3dwebtop/geometrical DivergingLens.class
2006.07.13 13:51 B C:\Documents and Settings\Administrator\Desktop\webtop\x3d\source\x3dwebtop\geometrical\DonutStop$0.class --> picard.ph.msstate.edu /x3d/source/x3dwebtop/geometrical DonutStop$0.class
2006.07.13 13:51 B C:\Documents and Settings\Administrator\Desktop\webtop\x3d\source\x3dwebtop\geometrical\DonutStop$DonutDiameterFieldListener.class --> picard.ph.msstate.edu /x3d/source/x3dwebtop/geometrical DonutStop$DonutDiameterFieldListener.class
2006.07.13 13:51 B C:\Documents and Settings\Administrator\Desktop\webtop\x3d\source\x3dwebtop\geometrical\DonutStop$DonutDiameterListener.class --> picard.ph.msstate.edu /x3d/source/x3dwebtop/geometrical DonutStop$DonutDiameterListener.class
2006.07.13 13:51 B C:\Documents and Settings\Administrator\Desktop\webtop\x3d\source\x3dwebtop\geometrical\DonutStop.class --> picard.ph.msstate.edu /x3d/source/x3dwebtop/geometrical DonutStop.class
2006.07.13 13:51 B C:\Documents and Settings\Administrator\Desktop\webtop\x3d\source\x3dwebtop\geometrical\DonutStop.java --> picard.ph.msstate.edu /x3d/source/x3dwebtop/geometrical DonutStop.java
2006.07.13 13:51 B C:\Documents and Settings\Administrator\Desktop\webtop\x3d\source\x3dwebtop\geometrical\Geometrical$0.class --> picard.ph.msstate.edu /x3d/source/x3dwebtop/geometrical Geometrical$0.class
2006.07.13 13:51 B C:\Documents and Settings\Administrator\Desktop\webtop\x3d\source\x3dwebtop\geometrical\Geometrical$SourceScreenListener.class --> picard.ph.msstate.edu /x3d/source/x3dwebtop/geometrical Geometrical$SourceScreenListener.class
2006.07.13 13:51 B C:\Documents and Settings\Administrator\Desktop\webtop\x3d\source\x3dwebtop\geometrical\Geometrical.class --> picard.ph.msstate.edu /x3d/source/x3dwebtop/geometrical Geometrical.class
2006.07.13 13:51 B C:\Documents and Settings\Administrator\Desktop\webtop\x3d\source\x3dwebtop\geometrical\Geometrical.java --> picard.ph.msstate.edu /x3d/source/x3dwebtop/geometrical Geometrical.java
2006.07.13 13:51 B C:\Documents and Settings\Administrator\Desktop\webtop\x3d\source\x3dwebtop\geometrical\geometrical.x3dv --> picard.ph.msstate.edu /x3d/source/x3dwebtop/geometrical geometrical.x3dv
2006.07.13 13:51 B C:\Documents and Settings\Administrator\Desktop\webtop\x3d\source\x3dwebtop\geometrical\GroundGlassScreen.class --> picard.ph.msstate.edu /x3d/source/x3dwebtop/geometrical GroundGlassScreen.class
2006.07.13 13:51 B C:\Documents and Settings\Administrator\Desktop\webtop\x3d\source\x3dwebtop\geometrical\GroundGlassScreen.java --> picard.ph.msstate.edu /x3d/source/x3dwebtop/geometrical GroundGlassScreen.java
2006.07.13 13:51 B C:\Documents and Settings\Administrator\Desktop\webtop\x3d\source\x3dwebtop\geometrical\Image.class --> picard.ph.msstate.edu /x3d/source/x3dwebtop/geometrical Image.class
2006.07.13 13:51 B C:\Documents and Settings\Administrator\Desktop\webtop\x3d\source\x3dwebtop\geometrical\Image.java --> picard.ph.msstate.edu /x3d/source/x3dwebtop/geometrical Image.java
2006.07.13 13:51 B C:\Documents and Settings\Administrator\Desktop\webtop\x3d\source\x3dwebtop\geometrical\MagicScreen.class --> picard.ph.msstate.edu /x3d/source/x3dwebtop/geometrical MagicScreen.class
2006.07.13 13:51 B C:\Documents and Settings\Administrator\Desktop\webtop\x3d\source\x3dwebtop\geometrical\MagicScreen.java --> picard.ph.msstate.edu /x3d/source/x3dwebtop/geometrical MagicScreen.java
2006.07.13 13:51 B C:\Documents and Settings\Administrator\Desktop\webtop\x3d\source\x3dwebtop\geometrical\ObservationScreen.class --> picard.ph.msstate.edu /x3d/source/x3dwebtop/geometrical ObservationScreen.class
2006.07.13 13:51 B C:\Documents and Settings\Administrator\Desktop\webtop\x3d\source\x3dwebtop\geometrical\ObservationScreen.java --> picard.ph.msstate.edu /x3d/source/x3dwebtop/geometrical ObservationScreen.java
2006.07.13 13:51 B C:\Documents and Settings\Administrator\Desktop\webtop\x3d\source\x3dwebtop\geometrical\OpticalBench$Enumeration.class --> picard.ph.msstate.edu /x3d/source/x3dwebtop/geometrical OpticalBench$Enumeration.class
2006.07.13 13:51 B C:\Documents and Settings\Administrator\Desktop\webtop\x3d\source\x3dwebtop\geometrical\OpticalBench.class --> picard.ph.msstate.edu /x3d/source/x3dwebtop/geometrical OpticalBench.class
2006.07.13 13:51 B C:\Documents and Settings\Administrator\Desktop\webtop\x3d\source\x3dwebtop\geometrical\OpticalElement$1.class --> picard.ph.msstate.edu /x3d/source/x3dwebtop/geometrical OpticalElement$1.class
2006.07.13 13:51 B C:\Documents and Settings\Administrator\Desktop\webtop\x3d\source\x3dwebtop\geometrical\OpticalElement$PositionFieldListener.class --> picard.ph.msstate.edu /x3d/source/x3dwebtop/geometrical OpticalElement$PositionFieldListener.class
2006.07.13 13:51 B C:\Documents and Settings\Administrator\Desktop\webtop\x3d\source\x3dwebtop\geometrical\OpticalElement.class --> picard.ph.msstate.edu /x3d/source/x3dwebtop/geometrical OpticalElement.class
2006.07.13 13:51 B C:\Documents and Settings\Administrator\Desktop\webtop\x3d\source\x3dwebtop\geometrical\OpticalElement.java --> picard.ph.msstate.edu /x3d/source/x3dwebtop/geometrical OpticalElement.java
2006.07.13 13:51 B C:\Documents and Settings\Administrator\Desktop\webtop\x3d\source\x3dwebtop\geometrical\RayList.class --> picard.ph.msstate.edu /x3d/source/x3dwebtop/geometrical RayList.class
2006.07.13 13:51 B C:\Documents and Settings\Administrator\Desktop\webtop\x3d\source\x3dwebtop\geometrical\Reticle.class --> picard.ph.msstate.edu /x3d/source/x3dwebtop/geometrical Reticle.class
2006.07.13 13:51 B C:\Documents and Settings\Administrator\Desktop\webtop\x3d\source\x3dwebtop\geometrical\Reticle.java --> picard.ph.msstate.edu /x3d/source/x3dwebtop/geometrical Reticle.java
2006.07.13 13:51 B C:\Documents and Settings\Administrator\Desktop\webtop\x3d\source\x3dwebtop\geometrical\Source$0.class --> picard.ph.msstate.edu /x3d/source/x3dwebtop/geometrical Source$0.class
2006.07.13 13:51 B C:\Documents and Settings\Administrator\Desktop\webtop\x3d\source\x3dwebtop\geometrical\Source$RotationAngleListener.class --> picard.ph.msstate.edu /x3d/source/x3dwebtop/geometrical Source$RotationAngleListener.class
2006.07.13 13:51 B C:\Documents and Settings\Administrator\Desktop\webtop\x3d\source\x3dwebtop\geometrical\Source.class --> picard.ph.msstate.edu /x3d/source/x3dwebtop/geometrical Source.class
2006.07.13 13:52 B C:\Documents and Settings\Administrator\Desktop\webtop\x3d\source\x3dwebtop\geometrical\Source.java --> picard.ph.msstate.edu /x3d/source/x3dwebtop/geometrical Source.java
2006.07.13 13:52 B C:\Documents and Settings\Administrator\Desktop\webtop\x3d\source\x3dwebtop\geometrical\Stop.class --> picard.ph.msstate.edu /x3d/source/x3dwebtop/geometrical Stop.class
2006.07.13 13:52 B C:\Documents and Settings\Administrator\Desktop\webtop\x3d\source\x3dwebtop\geometrical\ThinLens$0.class --> picard.ph.msstate.edu /x3d/source/x3dwebtop/geometrical ThinLens$0.class
2006.07.13 13:52 B C:\Documents and Settings\Administrator\Desktop\webtop\x3d\source\x3dwebtop\geometrical\ThinLens$FocusFieldListener.class --> picard.ph.msstate.edu /x3d/source/x3dwebtop/geometrical ThinLens$FocusFieldListener.class
2006.07.13 13:52 B C:\Documents and Settings\Administrator\Desktop\webtop\x3d\source\x3dwebtop\geometrical\ThinLens.class --> picard.ph.msstate.edu /x3d/source/x3dwebtop/geometrical ThinLens.class
2006.07.13 13:52 B C:\Documents and Settings\Administrator\Desktop\webtop\x3d\source\x3dwebtop\geometrical\ThinLens.java --> picard.ph.msstate.edu /x3d/source/x3dwebtop/geometrical ThinLens.java
2006.07.13 13:52 B C:\Documents and Settings\Administrator\Desktop\webtop\x3d\source\x3dwebtop\geometrical\Thumbs.db --> picard.ph.msstate.edu /x3d/source/x3dwebtop/geometrical Thumbs.db
2006.07.13 13:52 B C:\Documents and Settings\Administrator\Desktop\webtop\x3d\source\x3dwebtop\geometrical\UnknownLens$0.class --> picard.ph.msstate.edu /x3d/source/x3dwebtop/geometrical UnknownLens$0.class
2006.07.13 13:52 B C:\Documents and Settings\Administrator\Desktop\webtop\x3d\source\x3dwebtop\geometrical\UnknownLens$FocusFieldListener.class --> picard.ph.msstate.edu /x3d/source/x3dwebtop/geometrical UnknownLens$FocusFieldListener.class
2006.07.13 13:52 B C:\Documents and Settings\Administrator\Desktop\webtop\x3d\source\x3dwebtop\geometrical\UnknownLens.class --> picard.ph.msstate.edu /x3d/source/x3dwebtop/geometrical UnknownLens.class
2006.07.13 13:52 B C:\Documents and Settings\Administrator\Desktop\webtop\x3d\source\x3dwebtop\geometrical\UnknownLens.java --> picard.ph.msstate.edu /x3d/source/x3dwebtop/geometrical UnknownLens.java
