2006.06.27 20:10 B C:\Documents and Settings\Administrator\Desktop\webtop\source\webtop\photoelectric\codebase.dat <-- picard /webtop/source/webtop/photoelectric codebase.dat
2006.06.27 20:10 B C:\Documents and Settings\Administrator\Desktop\webtop\source\webtop\photoelectric\Engine$Photoelectron$1.class <-- picard /webtop/source/webtop/photoelectric Engine$Photoelectron$1.class
2006.06.27 20:10 B C:\Documents and Settings\Administrator\Desktop\webtop\source\webtop\photoelectric\Engine$Photoelectron.class <-- picard /webtop/source/webtop/photoelectric Engine$Photoelectron.class
2006.06.27 20:10 B C:\Documents and Settings\Administrator\Desktop\webtop\source\webtop\photoelectric\Engine.class <-- picard /webtop/source/webtop/photoelectric Engine.class
2006.06.27 20:10 B C:\Documents and Settings\Administrator\Desktop\webtop\source\webtop\photoelectric\Engine.java <-- picard /webtop/source/webtop/photoelectric Engine.java
2006.06.27 20:10 B C:\Documents and Settings\Administrator\Desktop\webtop\source\webtop\photoelectric\index.html <-- picard /webtop/source/webtop/photoelectric index.html
2006.06.27 20:10 B C:\Documents and Settings\Administrator\Desktop\webtop\source\webtop\photoelectric\Photoelectric$Data.class <-- picard /webtop/source/webtop/photoelectric Photoelectric$Data.class
2006.06.27 20:10 B C:\Documents and Settings\Administrator\Desktop\webtop\source\webtop\photoelectric\photoelectric-old.wrl <-- picard /webtop/source/webtop/photoelectric photoelectric-old.wrl
2006.06.27 20:10 B C:\Documents and Settings\Administrator\Desktop\webtop\source\webtop\photoelectric\Photoelectric.class <-- picard /webtop/source/webtop/photoelectric Photoelectric.class
2006.06.27 20:10 B C:\Documents and Settings\Administrator\Desktop\webtop\source\webtop\photoelectric\Photoelectric.java <-- picard /webtop/source/webtop/photoelectric Photoelectric.java
2006.06.27 20:10 B C:\Documents and Settings\Administrator\Desktop\webtop\source\webtop\photoelectric\photoelectric.sln <-- picard /webtop/source/webtop/photoelectric photoelectric.sln
2006.06.27 20:10 B C:\Documents and Settings\Administrator\Desktop\webtop\source\webtop\photoelectric\photoelectric.suo <-- picard /webtop/source/webtop/photoelectric photoelectric.suo
2006.06.27 20:10 B C:\Documents and Settings\Administrator\Desktop\webtop\source\webtop\photoelectric\photoelectric.vjp <-- picard /webtop/source/webtop/photoelectric photoelectric.vjp
2006.06.27 20:10 B C:\Documents and Settings\Administrator\Desktop\webtop\source\webtop\photoelectric\photoelectric.wrl <-- picard /webtop/source/webtop/photoelectric photoelectric.wrl
2006.06.27 20:10 B C:\Documents and Settings\Administrator\Desktop\webtop\source\webtop\photoelectric\Photoelectron$1.class <-- picard /webtop/source/webtop/photoelectric Photoelectron$1.class
2006.06.27 20:10 B C:\Documents and Settings\Administrator\Desktop\webtop\source\webtop\photoelectric\Photoelectron.class <-- picard /webtop/source/webtop/photoelectric Photoelectron.class
2006.06.27 20:10 B C:\Documents and Settings\Administrator\Desktop\webtop\source\webtop\photoelectric\Photoelectron.java <-- picard /webtop/source/webtop/photoelectric Photoelectron.java
2006.06.30 02:07 B C:\Documents and Settings\Administrator\Desktop\webtop\x3d\source\x3dwebtop\photoelectric\codebase.dat --> picard.ph.msstate.edu /x3d/source/x3dwebtop/photoelectric codebase.dat
2006.06.30 02:07 B C:\Documents and Settings\Administrator\Desktop\webtop\x3d\source\x3dwebtop\photoelectric\Engine.class --> picard.ph.msstate.edu /x3d/source/x3dwebtop/photoelectric Engine.class
2006.06.30 02:07 B C:\Documents and Settings\Administrator\Desktop\webtop\x3d\source\x3dwebtop\photoelectric\Engine.java --> picard.ph.msstate.edu /x3d/source/x3dwebtop/photoelectric Engine.java
2006.06.30 02:07 B C:\Documents and Settings\Administrator\Desktop\webtop\x3d\source\x3dwebtop\photoelectric\index.html --> picard.ph.msstate.edu /x3d/source/x3dwebtop/photoelectric index.html
2006.06.30 02:07 B C:\Documents and Settings\Administrator\Desktop\webtop\x3d\source\x3dwebtop\photoelectric\Photoelectric$Data.class --> picard.ph.msstate.edu /x3d/source/x3dwebtop/photoelectric Photoelectric$Data.class
2006.06.30 02:07 B C:\Documents and Settings\Administrator\Desktop\webtop\x3d\source\x3dwebtop\photoelectric\photoelectric-old.wrl --> picard.ph.msstate.edu /x3d/source/x3dwebtop/photoelectric photoelectric-old.wrl
2006.06.30 02:07 B C:\Documents and Settings\Administrator\Desktop\webtop\x3d\source\x3dwebtop\photoelectric\Photoelectric.class --> picard.ph.msstate.edu /x3d/source/x3dwebtop/photoelectric Photoelectric.class
2006.06.30 02:07 B C:\Documents and Settings\Administrator\Desktop\webtop\x3d\source\x3dwebtop\photoelectric\photoelectric.jar --> picard.ph.msstate.edu /x3d/source/x3dwebtop/photoelectric photoelectric.jar
2006.06.30 02:07 B C:\Documents and Settings\Administrator\Desktop\webtop\x3d\source\x3dwebtop\photoelectric\Photoelectric.java --> picard.ph.msstate.edu /x3d/source/x3dwebtop/photoelectric Photoelectric.java
2006.06.30 02:07 B C:\Documents and Settings\Administrator\Desktop\webtop\x3d\source\x3dwebtop\photoelectric\photoelectric.sln --> picard.ph.msstate.edu /x3d/source/x3dwebtop/photoelectric photoelectric.sln
2006.06.30 02:07 B C:\Documents and Settings\Administrator\Desktop\webtop\x3d\source\x3dwebtop\photoelectric\photoelectric.suo --> picard.ph.msstate.edu /x3d/source/x3dwebtop/photoelectric photoelectric.suo
2006.06.30 02:08 B C:\Documents and Settings\Administrator\Desktop\webtop\x3d\source\x3dwebtop\photoelectric\photoelectric.vjp --> picard.ph.msstate.edu /x3d/source/x3dwebtop/photoelectric photoelectric.vjp
2006.06.30 02:08 B C:\Documents and Settings\Administrator\Desktop\webtop\x3d\source\x3dwebtop\photoelectric\photoelectric.wrl --> picard.ph.msstate.edu /x3d/source/x3dwebtop/photoelectric photoelectric.wrl
2006.06.30 02:08 B C:\Documents and Settings\Administrator\Desktop\webtop\x3d\source\x3dwebtop\photoelectric\photoelectric.x3dv --> picard.ph.msstate.edu /x3d/source/x3dwebtop/photoelectric photoelectric.x3dv
2006.06.30 02:08 B C:\Documents and Settings\Administrator\Desktop\webtop\x3d\source\x3dwebtop\photoelectric\Photoelectron.class --> picard.ph.msstate.edu /x3d/source/x3dwebtop/photoelectric Photoelectron.class
2006.06.30 02:08 B C:\Documents and Settings\Administrator\Desktop\webtop\x3d\source\x3dwebtop\photoelectric\Photoelectron.java --> picard.ph.msstate.edu /x3d/source/x3dwebtop/photoelectric Photoelectron.java
2006.06.30 02:08 B C:\Documents and Settings\Administrator\Desktop\webtop\x3d\source\x3dwebtop\photoelectric\Thumbs.db --> picard.ph.msstate.edu /x3d/source/x3dwebtop/photoelectric Thumbs.db
2006.07.05 17:34 B C:\Documents and Settings\Administrator\Desktop\webtop\x3d\source\x3dwebtop\photoelectric\WS_FTP.LOG <-- picard /x3d/source/x3dwebtop/photoelectric WS_FTP.LOG
2006.07.05 23:35 B C:\Documents and Settings\Administrator\Desktop\webtop\x3d\source\x3dwebtop\photoelectric\photoelectric.x3dv --> picard.ph.msstate.edu /x3d/source/x3dwebtop/photoelectric photoelectric.x3dv
2006.07.06 21:11 B C:\Documents and Settings\Administrator\Desktop\webtop\x3d\source\x3dwebtop\photoelectric\Engine.java --> picard.ph.msstate.edu /x3d/source/x3dwebtop/photoelectric Engine.java
2006.07.06 21:11 B C:\Documents and Settings\Administrator\Desktop\webtop\x3d\source\x3dwebtop\photoelectric\Photoelectron.java --> picard.ph.msstate.edu /x3d/source/x3dwebtop/photoelectric Photoelectron.java
2006.07.06 21:12 B C:\Documents and Settings\Administrator\Desktop\webtop\x3d\source\x3dwebtop\photoelectric\Photoelectric.java --> picard.ph.msstate.edu /x3d/source/x3dwebtop/photoelectric Photoelectric.java
2006.07.07 00:23 B C:\Documents and Settings\Administrator\Desktop\webtop\x3d\source\x3dwebtop\photoelectric\photoelectric.x3dv --> picard.ph.msstate.edu /x3d/source/x3dwebtop/photoelectric photoelectric.x3dv
2006.07.07 00:23 B C:\Documents and Settings\Administrator\Desktop\webtop\x3d\source\x3dwebtop\photoelectric\Photoelectron.java --> picard.ph.msstate.edu /x3d/source/x3dwebtop/photoelectric Photoelectron.java
2006.07.11 18:22 B C:\Documents and Settings\Administrator\Desktop\webtop\x3d\source\x3dwebtop\photoelectric\Engine.class <-- picard /x3d/source/x3dwebtop/photoelectric Engine.class
2006.07.11 18:22 B C:\Documents and Settings\Administrator\Desktop\webtop\x3d\source\x3dwebtop\photoelectric\Engine.java <-- picard /x3d/source/x3dwebtop/photoelectric Engine.java
2006.07.11 18:22 B C:\Documents and Settings\Administrator\Desktop\webtop\x3d\source\x3dwebtop\photoelectric\Photoelectron.class <-- picard /x3d/source/x3dwebtop/photoelectric Photoelectron.class
2006.07.11 18:22 B C:\Documents and Settings\Administrator\Desktop\webtop\x3d\source\x3dwebtop\photoelectric\Photoelectron.java <-- picard /x3d/source/x3dwebtop/photoelectric Photoelectron.java
2006.07.13 13:52 B C:\Documents and Settings\Administrator\Desktop\webtop\x3d\source\x3dwebtop\photoelectric\Engine.class --> picard.ph.msstate.edu /x3d/source/x3dwebtop/photoelectric Engine.class
2006.07.13 13:52 B C:\Documents and Settings\Administrator\Desktop\webtop\x3d\source\x3dwebtop\photoelectric\Engine.javaold --> picard.ph.msstate.edu /x3d/source/x3dwebtop/photoelectric Engine.javaold
2006.07.13 13:52 B C:\Documents and Settings\Administrator\Desktop\webtop\x3d\source\x3dwebtop\photoelectric\Photoelectric$Data.class --> picard.ph.msstate.edu /x3d/source/x3dwebtop/photoelectric Photoelectric$Data.class
2006.07.13 13:52 B C:\Documents and Settings\Administrator\Desktop\webtop\x3d\source\x3dwebtop\photoelectric\Photoelectric.class --> picard.ph.msstate.edu /x3d/source/x3dwebtop/photoelectric Photoelectric.class
2006.07.13 13:52 B C:\Documents and Settings\Administrator\Desktop\webtop\x3d\source\x3dwebtop\photoelectric\photoelectric.jar --> picard.ph.msstate.edu /x3d/source/x3dwebtop/photoelectric photoelectric.jar
2006.07.13 13:52 B C:\Documents and Settings\Administrator\Desktop\webtop\x3d\source\x3dwebtop\photoelectric\Photoelectric.java --> picard.ph.msstate.edu /x3d/source/x3dwebtop/photoelectric Photoelectric.java
2006.07.13 13:52 B C:\Documents and Settings\Administrator\Desktop\webtop\x3d\source\x3dwebtop\photoelectric\photoelectric.x3dv --> picard.ph.msstate.edu /x3d/source/x3dwebtop/photoelectric photoelectric.x3dv
2006.07.13 13:52 B C:\Documents and Settings\Administrator\Desktop\webtop\x3d\source\x3dwebtop\photoelectric\Photoelectron.class --> picard.ph.msstate.edu /x3d/source/x3dwebtop/photoelectric Photoelectron.class
2006.07.13 13:52 B C:\Documents and Settings\Administrator\Desktop\webtop\x3d\source\x3dwebtop\photoelectric\Photoelectron.javaolder --> picard.ph.msstate.edu /x3d/source/x3dwebtop/photoelectric Photoelectron.javaolder
2006.07.13 13:52 B C:\Documents and Settings\Administrator\Desktop\webtop\x3d\source\x3dwebtop\photoelectric\Thumbs.db --> picard.ph.msstate.edu /x3d/source/x3dwebtop/photoelectric Thumbs.db
